# JRE version: OpenJDK Runtime Environment (7.0_91-b02) (build 1.7.0_91-b02)
# Java VM: OpenJDK Server VM (24.91-b01 mixed mode linux-x86 )
Heap
 PSYoungGen      total 137984K, used 20478K [0x9dd40000, 0xa7dc0000, 0xb32c0000)
  eden space 123136K, 4% used [0x9dd40000,0x9e2c3080,0xa5580000)
  from space 14848K, 99% used [0xa67c0000,0xa763c890,0xa7640000)
  to   space 18688K, 0% used [0xa5580000,0xa5580000,0xa67c0000)
 ParOldGen       total 42240K, used 23224K [0x732c0000, 0x75c00000, 0x9dd40000)
  object space 42240K, 54% used [0x732c0000,0x7496e310,0x75c00000)
 PSPermGen       total 16384K, used 4424K [0x6b2c0000, 0x6c2c0000, 0x732c0000)
  object space 16384K, 27% used [0x6b2c0000,0x6b712100,0x6c2c0000)
GC Heap History (10 events):
Event: 5,367 GC heap before
{Heap before GC invocations=4 (full 0):
 PSYoungGen      total 18688K, used 18672K [0x9dd40000, 0xa01c0000, 0xb32c0000)
  eden space 16128K, 100% used [0x9dd40000,0x9ed00000,0x9ed00000)
  from space 2560K, 99% used [0x9ed00000,0x9ef7c0d0,0x9ef80000)
  to   space 2560K, 0% used [0x9ff40000,0x9ff40000,0xa01c0000)
 ParOldGen       total 42240K, used 4300K [0x732c0000, 0x75c00000, 0x9dd40000)
  object space 42240K, 10% used [0x732c0000,0x736f3388,0x75c00000)
 PSPermGen       total 16384K, used 4185K [0x6b2c0000, 0x6c2c0000, 0x732c0000)
  object space 16384K, 25% used [0x6b2c0000,0x6b6d65a8,0x6c2c0000)
Event: 5,436 GC heap after
Heap after GC invocations=4 (full 0):
 PSYoungGen      total 34816K, used 2552K [0x9dd40000, 0xa01c0000, 0xb32c0000)
  eden space 32256K, 0% used [0x9dd40000,0x9dd40000,0x9fcc0000)
  from space 2560K, 99% used [0x9ff40000,0xa01be140,0xa01c0000)
  to   space 2560K, 0% used [0x9fcc0000,0x9fcc0000,0x9ff40000)
 ParOldGen       total 42240K, used 7884K [0x732c0000, 0x75c00000, 0x9dd40000)
  object space 42240K, 18% used [0x732c0000,0x73a73258,0x75c00000)
 PSPermGen       total 16384K, used 4185K [0x6b2c0000, 0x6c2c0000, 0x732c0000)
  object space 16384K, 25% used [0x6b2c0000,0x6b6d65a8,0x6c2c0000)
}
Event: 8,015 GC heap before
{Heap before GC invocations=5 (full 0):
 PSYoungGen      total 34816K, used 34808K [0x9dd40000, 0xa01c0000, 0xb32c0000)
  eden space 32256K, 100% used [0x9dd40000,0x9fcc0000,0x9fcc0000)
  from space 2560K, 99% used [0x9ff40000,0xa01be140,0xa01c0000)
  to   space 2560K, 0% used [0x9fcc0000,0x9fcc0000,0x9ff40000)
 ParOldGen       total 42240K, used 7884K [0x732c0000, 0x75c00000, 0x9dd40000)
  object space 42240K, 18% used [0x732c0000,0x73a73258,0x75c00000)
 PSPermGen       total 16384K, used 4204K [0x6b2c0000, 0x6c2c0000, 0x732c0000)
  object space 16384K, 25% used [0x6b2c0000,0x6b6db3b0,0x6c2c0000)
Event: 8,078 GC heap after
Heap after GC invocations=5 (full 0):
 PSYoungGen      total 34816K, used 2550K [0x9dd40000, 0xa2dc0000, 0xb32c0000)
  eden space 32256K, 0% used [0x9dd40000,0x9dd40000,0x9fcc0000)
  from space 2560K, 99% used [0x9fcc0000,0x9ff3d8e8,0x9ff40000)
  to   space 8960K, 0% used [0xa2500000,0xa2500000,0xa2dc0000)
 ParOldGen       total 42240K, used 13153K [0x732c0000, 0x75c00000, 0x9dd40000)
  object space 42240K, 31% used [0x732c0000,0x73f985c8,0x75c00000)
 PSPermGen       total 16384K, used 4204K [0x6b2c0000, 0x6c2c0000, 0x732c0000)
  object space 16384K, 25% used [0x6b2c0000,0x6b6db3b0,0x6c2c0000)
}
Event: 9,849 GC heap before
{Heap before GC invocations=6 (full 0):
 PSYoungGen      total 34816K, used 34806K [0x9dd40000, 0xa2dc0000, 0xb32c0000)
  eden space 32256K, 100% used [0x9dd40000,0x9fcc0000,0x9fcc0000)
  from space 2560K, 99% used [0x9fcc0000,0x9ff3d8e8,0x9ff40000)
  to   space 8960K, 0% used [0xa2500000,0xa2500000,0xa2dc0000)
 ParOldGen       total 42240K, used 13153K [0x732c0000, 0x75c00000, 0x9dd40000)
  object space 42240K, 31% used [0x732c0000,0x73f985c8,0x75c00000)
 PSPermGen       total 16384K, used 4226K [0x6b2c0000, 0x6c2c0000, 0x732c0000)
  object space 16384K, 25% used [0x6b2c0000,0x6b6e0a10,0x6c2c0000)
Event: 9,925 GC heap after
Heap after GC invocations=6 (full 0):
 PSYoungGen      total 72448K, used 7828K [0x9dd40000, 0xa2fc0000, 0xb32c0000)
  eden space 63488K, 0% used [0x9dd40000,0x9dd40000,0xa1b40000)
  from space 8960K, 87% used [0xa2500000,0xa2ca51f0,0xa2dc0000)
  to   space 9984K, 0% used [0xa1b40000,0xa1b40000,0xa2500000)
 ParOldGen       total 42240K, used 13153K [0x732c0000, 0x75c00000, 0x9dd40000)
  object space 42240K, 31% used [0x732c0000,0x73f985c8,0x75c00000)
 PSPermGen       total 16384K, used 4226K [0x6b2c0000, 0x6c2c0000, 0x732c0000)
  object space 16384K, 25% used [0x6b2c0000,0x6b6e0a10,0x6c2c0000)
}
Event: 12,875 GC heap before
{Heap before GC invocations=7 (full 0):
 PSYoungGen      total 72448K, used 71316K [0x9dd40000, 0xa2fc0000, 0xb32c0000)
  eden space 63488K, 100% used [0x9dd40000,0xa1b40000,0xa1b40000)
  from space 8960K, 87% used [0xa2500000,0xa2ca51f0,0xa2dc0000)
  to   space 9984K, 0% used [0xa1b40000,0xa1b40000,0xa2500000)
 ParOldGen       total 42240K, used 13153K [0x732c0000, 0x75c00000, 0x9dd40000)
  object space 42240K, 31% used [0x732c0000,0x73f985c8,0x75c00000)
 PSPermGen       total 16384K, used 4246K [0x6b2c0000, 0x6c2c0000, 0x732c0000)
  object space 16384K, 25% used [0x6b2c0000,0x6b6e5a10,0x6c2c0000)
Event: 13,061 GC heap after
Heap after GC invocations=7 (full 0):
 PSYoungGen      total 73472K, used 9968K [0x9dd40000, 0xa7640000, 0xb32c0000)
  eden space 63488K, 0% used [0x9dd40000,0x9dd40000,0xa1b40000)
  from space 9984K, 99% used [0xa1b40000,0xa24fc318,0xa2500000)
  to   space 14848K, 0% used [0xa67c0000,0xa67c0000,0xa7640000)
 ParOldGen       total 42240K, used 20012K [0x732c0000, 0x75c00000, 0x9dd40000)
  object space 42240K, 47% used [0x732c0000,0x7464b150,0x75c00000)
 PSPermGen       total 16384K, used 4246K [0x6b2c0000, 0x6c2c0000, 0x732c0000)
  object space 16384K, 25% used [0x6b2c0000,0x6b6e5a10,0x6c2c0000)
}
Event: 23,101 GC heap before
{Heap before GC invocations=8 (full 0):
 PSYoungGen      total 73472K, used 73456K [0x9dd40000, 0xa7640000, 0xb32c0000)
  eden space 63488K, 100% used [0x9dd40000,0xa1b40000,0xa1b40000)
  from space 9984K, 99% used [0xa1b40000,0xa24fc318,0xa2500000)
  to   space 14848K, 0% used [0xa67c0000,0xa67c0000,0xa7640000)
 ParOldGen       total 42240K, used 20012K [0x732c0000, 0x75c00000, 0x9dd40000)
  object space 42240K, 47% used [0x732c0000,0x7464b150,0x75c00000)
 PSPermGen       total 16384K, used 4379K [0x6b2c0000, 0x6c2c0000, 0x732c0000)
  object space 16384K, 26% used [0x6b2c0000,0x6b706f38,0x6c2c0000)
Event: 23,269 GC heap after
Heap after GC invocations=8 (full 0):
 PSYoungGen      total 137984K, used 14834K [0x9dd40000, 0xa7dc0000, 0xb32c0000)
  eden space 123136K, 0% used [0x9dd40000,0x9dd40000,0xa5580000)
  from space 14848K, 99% used [0xa67c0000,0xa763c890,0xa7640000)
  to   space 18688K, 0% used [0xa5580000,0xa5580000,0xa67c0000)
 ParOldGen       total 42240K, used 23224K [0x732c0000, 0x75c00000, 0x9dd40000)
  object space 42240K, 54% used [0x732c0000,0x7496e310,0x75c00000)
 PSPermGen       total 16384K, used 4379K [0x6b2c0000, 0x6c2c0000, 0x732c0000)
  object space 16384K, 26% used [0x6b2c0000,0x6b706f38,0x6c2c0000)
}

