# JRE version: OpenJDK Runtime Environment (7.0_91-b02) (build 1.7.0_91-b02)
# Java VM: OpenJDK Server VM (24.91-b01 mixed mode linux-x86 )
Heap
 PSYoungGen      total 209408K, used 0K [0x9dd40000, 0xb0780000, 0xb32c0000)
  eden space 134912K, 0% used [0x9dd40000,0x9dd40000,0xa6100000)
  from space 74496K, 0% used [0xa6100000,0xa6100000,0xaa9c0000)
  to   space 69632K, 0% used [0xac380000,0xac380000,0xb0780000)
 ParOldGen       total 193792K, used 193510K [0x732c0000, 0x7f000000, 0x9dd40000)
  object space 193792K, 99% used [0x732c0000,0x7efb9918,0x7f000000)
 PSPermGen       total 16384K, used 4262K [0x6b2c0000, 0x6c2c0000, 0x732c0000)
  object space 16384K, 26% used [0x6b2c0000,0x6b6e99b0,0x6c2c0000)
GC Heap History (10 events):
Event: 21,124 GC heap after
Heap after GC invocations=9 (full 1):
 PSYoungGen      total 131584K, used 4338K [0x9dd40000, 0xa8ac0000, 0xb32c0000)
  eden space 116224K, 0% used [0x9dd40000,0x9dd40000,0xa4ec0000)
  from space 15360K, 28% used [0xa67c0000,0xa6bfc910,0xa76c0000)
  to   space 25600K, 0% used [0xa4ec0000,0xa4ec0000,0xa67c0000)
 ParOldGen       total 80640K, used 42070K [0x732c0000, 0x78180000, 0x9dd40000)
  object space 80640K, 52% used [0x732c0000,0x75bd5980,0x78180000)
 PSPermGen       total 16384K, used 4255K [0x6b2c0000, 0x6c2c0000, 0x732c0000)
  object space 16384K, 25% used [0x6b2c0000,0x6b6e7c60,0x6c2c0000)
}
Event: 22,686 GC heap before
{Heap before GC invocations=10 (full 1):
 PSYoungGen      total 131584K, used 120562K [0x9dd40000, 0xa8ac0000, 0xb32c0000)
  eden space 116224K, 100% used [0x9dd40000,0xa4ec0000,0xa4ec0000)
  from space 15360K, 28% used [0xa67c0000,0xa6bfc910,0xa76c0000)
  to   space 25600K, 0% used [0xa4ec0000,0xa4ec0000,0xa67c0000)
 ParOldGen       total 80640K, used 42070K [0x732c0000, 0x78180000, 0x9dd40000)
  object space 80640K, 52% used [0x732c0000,0x75bd5980,0x78180000)
 PSPermGen       total 16384K, used 4255K [0x6b2c0000, 0x6c2c0000, 0x732c0000)
  object space 16384K, 25% used [0x6b2c0000,0x6b6e7d10,0x6c2c0000)
Event: 22,959 GC heap after
Heap after GC invocations=10 (full 1):
 PSYoungGen      total 141824K, used 25592K [0x9dd40000, 0xae180000, 0xb32c0000)
  eden space 116224K, 0% used [0x9dd40000,0x9dd40000,0xa4ec0000)
  from space 25600K, 99% used [0xa4ec0000,0xa67be1e0,0xa67c0000)
  to   space 57088K, 0% used [0xaa9c0000,0xaa9c0000,0xae180000)
 ParOldGen       total 109056K, used 108086K [0x732c0000, 0x79d40000, 0x9dd40000)
  object space 109056K, 99% used [0x732c0000,0x79c4d980,0x79d40000)
 PSPermGen       total 16384K, used 4255K [0x6b2c0000, 0x6c2c0000, 0x732c0000)
  object space 16384K, 25% used [0x6b2c0000,0x6b6e7d10,0x6c2c0000)
}
Event: 22,959 GC heap before
{Heap before GC invocations=11 (full 2):
 PSYoungGen      total 141824K, used 25592K [0x9dd40000, 0xae180000, 0xb32c0000)
  eden space 116224K, 0% used [0x9dd40000,0x9dd40000,0xa4ec0000)
  from space 25600K, 99% used [0xa4ec0000,0xa67be1e0,0xa67c0000)
  to   space 57088K, 0% used [0xaa9c0000,0xaa9c0000,0xae180000)
 ParOldGen       total 109056K, used 108086K [0x732c0000, 0x79d40000, 0x9dd40000)
  object space 109056K, 99% used [0x732c0000,0x79c4d980,0x79d40000)
 PSPermGen       total 16384K, used 4255K [0x6b2c0000, 0x6c2c0000, 0x732c0000)
  object space 16384K, 25% used [0x6b2c0000,0x6b6e7d10,0x6c2c0000)
Event: 23,557 GC heap after
Heap after GC invocations=11 (full 2):
 PSYoungGen      total 141824K, used 3116K [0x9dd40000, 0xae180000, 0xb32c0000)
  eden space 116224K, 0% used [0x9dd40000,0x9dd40000,0xa4ec0000)
  from space 25600K, 12% used [0xa4ec0000,0xa51cb390,0xa67c0000)
  to   space 57088K, 0% used [0xaa9c0000,0xaa9c0000,0xae180000)
 ParOldGen       total 191232K, used 108972K [0x732c0000, 0x7ed80000, 0x9dd40000)
  object space 191232K, 56% used [0x732c0000,0x79d2b088,0x7ed80000)
 PSPermGen       total 16384K, used 4255K [0x6b2c0000, 0x6c2c0000, 0x732c0000)
  object space 16384K, 25% used [0x6b2c0000,0x6b6e7d00,0x6c2c0000)
}
Event: 23,808 GC heap before
{Heap before GC invocations=12 (full 2):
 PSYoungGen      total 141824K, used 119340K [0x9dd40000, 0xae180000, 0xb32c0000)
  eden space 116224K, 100% used [0x9dd40000,0xa4ec0000,0xa4ec0000)
  from space 25600K, 12% used [0xa4ec0000,0xa51cb390,0xa67c0000)
  to   space 57088K, 0% used [0xaa9c0000,0xaa9c0000,0xae180000)
 ParOldGen       total 191232K, used 108972K [0x732c0000, 0x7ed80000, 0x9dd40000)
  object space 191232K, 56% used [0x732c0000,0x79d2b088,0x7ed80000)
 PSPermGen       total 16384K, used 4260K [0x6b2c0000, 0x6c2c0000, 0x732c0000)
  object space 16384K, 26% used [0x6b2c0000,0x6b6e9270,0x6c2c0000)
Event: 24,090 GC heap after
Heap after GC invocations=12 (full 2):
 PSYoungGen      total 192000K, used 57074K [0x9dd40000, 0xafc00000, 0xb32c0000)
  eden space 134912K, 0% used [0x9dd40000,0x9dd40000,0xa6100000)
  from space 57088K, 99% used [0xaa9c0000,0xae17cb80,0xae180000)
  to   space 74496K, 0% used [0xa6100000,0xa6100000,0xaa9c0000)
 ParOldGen       total 191232K, used 128426K [0x732c0000, 0x7ed80000, 0x9dd40000)
  object space 191232K, 67% used [0x732c0000,0x7b02aa20,0x7ed80000)
 PSPermGen       total 16384K, used 4260K [0x6b2c0000, 0x6c2c0000, 0x732c0000)
  object space 16384K, 26% used [0x6b2c0000,0x6b6e9270,0x6c2c0000)
}
Event: 27,966 GC heap before
{Heap before GC invocations=13 (full 2):
 PSYoungGen      total 192000K, used 191986K [0x9dd40000, 0xafc00000, 0xb32c0000)
  eden space 134912K, 100% used [0x9dd40000,0xa6100000,0xa6100000)
  from space 57088K, 99% used [0xaa9c0000,0xae17cb80,0xae180000)
  to   space 74496K, 0% used [0xa6100000,0xa6100000,0xaa9c0000)
 ParOldGen       total 191232K, used 128426K [0x732c0000, 0x7ed80000, 0x9dd40000)
  object space 191232K, 67% used [0x732c0000,0x7b02aa20,0x7ed80000)
 PSPermGen       total 16384K, used 4262K [0x6b2c0000, 0x6c2c0000, 0x732c0000)
  object space 16384K, 26% used [0x6b2c0000,0x6b6e99b0,0x6c2c0000)
Event: 28,238 GC heap after
Heap after GC invocations=13 (full 2):
 PSYoungGen      total 209408K, used 24551K [0x9dd40000, 0xb0780000, 0xb32c0000)
  eden space 134912K, 0% used [0x9dd40000,0x9dd40000,0xa6100000)
  from space 74496K, 32% used [0xa6100000,0xa78f9e00,0xaa9c0000)
  to   space 69632K, 0% used [0xac380000,0xac380000,0xb0780000)
 ParOldGen       total 193792K, used 193312K [0x732c0000, 0x7f000000, 0x9dd40000)
  object space 193792K, 99% used [0x732c0000,0x7ef880f8,0x7f000000)
 PSPermGen       total 16384K, used 4262K [0x6b2c0000, 0x6c2c0000, 0x732c0000)
  object space 16384K, 26% used [0x6b2c0000,0x6b6e99b0,0x6c2c0000)
}
Event: 28,238 GC heap before
{Heap before GC invocations=14 (full 3):
 PSYoungGen      total 209408K, used 24551K [0x9dd40000, 0xb0780000, 0xb32c0000)
  eden space 134912K, 0% used [0x9dd40000,0x9dd40000,0xa6100000)
  from space 74496K, 32% used [0xa6100000,0xa78f9e00,0xaa9c0000)
  to   space 69632K, 0% used [0xac380000,0xac380000,0xb0780000)
 ParOldGen       total 193792K, used 193312K [0x732c0000, 0x7f000000, 0x9dd40000)
  object space 193792K, 99% used [0x732c0000,0x7ef880f8,0x7f000000)
 PSPermGen       total 16384K, used 4262K [0x6b2c0000, 0x6c2c0000, 0x732c0000)
  object space 16384K, 26% used [0x6b2c0000,0x6b6e99b0,0x6c2c0000)

