# JRE version: OpenJDK Runtime Environment (7.0_91-b02) (build 1.7.0_91-b02)
# Java VM: OpenJDK Server VM (24.91-b01 mixed mode linux-x86 )
Heap
 PSYoungGen      total 217600K, used 94454K [0x9dd40000, 0xb1d00000, 0xb32c0000)
  eden space 123136K, 0% used [0x9dd40000,0x9dd40000,0xa5580000)
  from space 94464K, 99% used [0xa5580000,0xab1bd9e0,0xab1c0000)
  to   space 83968K, 0% used [0xab1c0000,0xab1c0000,0xb03c0000)
 ParOldGen       total 214784K, used 125030K [0x732c0000, 0x80480000, 0x9dd40000)
  object space 214784K, 58% used [0x732c0000,0x7acd9960,0x80480000)
 PSPermGen       total 16384K, used 4272K [0x6b2c0000, 0x6c2c0000, 0x732c0000)
  object space 16384K, 26% used [0x6b2c0000,0x6b6ec150,0x6c2c0000)
GC Heap History (10 events):
Event: 21,988 GC heap after
Heap after GC invocations=11 (full 2):
 PSYoungGen      total 142592K, used 13420K [0x9dd40000, 0xacfc0000, 0xb32c0000)
  eden space 111616K, 0% used [0x9dd40000,0x9dd40000,0xa4a40000)
  from space 30976K, 43% used [0xa4a40000,0xa575b318,0xa6880000)
  to   space 52736K, 0% used [0xa9c40000,0xa9c40000,0xacfc0000)
 ParOldGen       total 171520K, used 90977K [0x732c0000, 0x7da40000, 0x9dd40000)
  object space 171520K, 53% used [0x732c0000,0x78b98768,0x7da40000)
 PSPermGen       total 16384K, used 4260K [0x6b2c0000, 0x6c2c0000, 0x732c0000)
  object space 16384K, 26% used [0x6b2c0000,0x6b6e91a0,0x6c2c0000)
}
Event: 26,241 GC heap before
{Heap before GC invocations=12 (full 2):
 PSYoungGen      total 142592K, used 125036K [0x9dd40000, 0xacfc0000, 0xb32c0000)
  eden space 111616K, 100% used [0x9dd40000,0xa4a40000,0xa4a40000)
  from space 30976K, 43% used [0xa4a40000,0xa575b318,0xa6880000)
  to   space 52736K, 0% used [0xa9c40000,0xa9c40000,0xacfc0000)
 ParOldGen       total 171520K, used 90977K [0x732c0000, 0x7da40000, 0x9dd40000)
  object space 171520K, 53% used [0x732c0000,0x78b98768,0x7da40000)
 PSPermGen       total 16384K, used 4265K [0x6b2c0000, 0x6c2c0000, 0x732c0000)
  object space 16384K, 26% used [0x6b2c0000,0x6b6ea5a0,0x6c2c0000)
Event: 26,396 GC heap after
Heap after GC invocations=12 (full 2):
 PSYoungGen      total 163840K, used 42621K [0x9dd40000, 0xac600000, 0xb32c0000)
  eden space 121088K, 0% used [0x9dd40000,0x9dd40000,0xa5380000)
  from space 42752K, 99% used [0xa9c40000,0xac5df7c0,0xac600000)
  to   space 58368K, 0% used [0xa5400000,0xa5400000,0xa8d00000)
 ParOldGen       total 171520K, used 91592K [0x732c0000, 0x7da40000, 0x9dd40000)
  object space 171520K, 53% used [0x732c0000,0x78c32160,0x7da40000)
 PSPermGen       total 16384K, used 4265K [0x6b2c0000, 0x6c2c0000, 0x732c0000)
  object space 16384K, 26% used [0x6b2c0000,0x6b6ea5a0,0x6c2c0000)
}
Event: 30,343 GC heap before
{Heap before GC invocations=13 (full 2):
 PSYoungGen      total 163840K, used 163709K [0x9dd40000, 0xac600000, 0xb32c0000)
  eden space 121088K, 100% used [0x9dd40000,0xa5380000,0xa5380000)
  from space 42752K, 99% used [0xa9c40000,0xac5df7c0,0xac600000)
  to   space 58368K, 0% used [0xa5400000,0xa5400000,0xa8d00000)
 ParOldGen       total 171520K, used 91592K [0x732c0000, 0x7da40000, 0x9dd40000)
  object space 171520K, 53% used [0x732c0000,0x78c32160,0x7da40000)
 PSPermGen       total 16384K, used 4270K [0x6b2c0000, 0x6c2c0000, 0x732c0000)
  object space 16384K, 26% used [0x6b2c0000,0x6b6eba98,0x6c2c0000)
Event: 30,796 GC heap after
Heap after GC invocations=13 (full 2):
 PSYoungGen      total 179968K, used 58357K [0x9dd40000, 0xb03c0000, 0xb32c0000)
  eden space 121600K, 0% used [0x9dd40000,0x9dd40000,0xa5400000)
  from space 58368K, 99% used [0xa5400000,0xa8cfd730,0xa8d00000)
  to   space 83968K, 0% used [0xab1c0000,0xab1c0000,0xb03c0000)
 ParOldGen       total 171520K, used 132662K [0x732c0000, 0x7da40000, 0x9dd40000)
  object space 171520K, 77% used [0x732c0000,0x7b44dac8,0x7da40000)
 PSPermGen       total 16384K, used 4270K [0x6b2c0000, 0x6c2c0000, 0x732c0000)
  object space 16384K, 26% used [0x6b2c0000,0x6b6eba98,0x6c2c0000)
}
Event: 30,796 GC heap before
{Heap before GC invocations=14 (full 3):
 PSYoungGen      total 179968K, used 58357K [0x9dd40000, 0xb03c0000, 0xb32c0000)
  eden space 121600K, 0% used [0x9dd40000,0x9dd40000,0xa5400000)
  from space 58368K, 99% used [0xa5400000,0xa8cfd730,0xa8d00000)
  to   space 83968K, 0% used [0xab1c0000,0xab1c0000,0xb03c0000)
 ParOldGen       total 171520K, used 132662K [0x732c0000, 0x7da40000, 0x9dd40000)
  object space 171520K, 77% used [0x732c0000,0x7b44dac8,0x7da40000)
 PSPermGen       total 16384K, used 4270K [0x6b2c0000, 0x6c2c0000, 0x732c0000)
  object space 16384K, 26% used [0x6b2c0000,0x6b6eba98,0x6c2c0000)
Event: 32,079 GC heap after
Heap after GC invocations=14 (full 3):
 PSYoungGen      total 179968K, used 0K [0x9dd40000, 0xb03c0000, 0xb32c0000)
  eden space 121600K, 0% used [0x9dd40000,0x9dd40000,0xa5400000)
  from space 58368K, 0% used [0xa5400000,0xa5400000,0xa8d00000)
  to   space 83968K, 0% used [0xab1c0000,0xab1c0000,0xb03c0000)
 ParOldGen       total 214784K, used 101036K [0x732c0000, 0x80480000, 0x9dd40000)
  object space 214784K, 47% used [0x732c0000,0x7956b1a0,0x80480000)
 PSPermGen       total 16384K, used 4269K [0x6b2c0000, 0x6c2c0000, 0x732c0000)
  object space 16384K, 26% used [0x6b2c0000,0x6b6eb788,0x6c2c0000)
}
Event: 32,455 GC heap before
{Heap before GC invocations=15 (full 3):
 PSYoungGen      total 179968K, used 121600K [0x9dd40000, 0xb03c0000, 0xb32c0000)
  eden space 121600K, 100% used [0x9dd40000,0xa5400000,0xa5400000)
  from space 58368K, 0% used [0xa5400000,0xa5400000,0xa8d00000)
  to   space 83968K, 0% used [0xab1c0000,0xab1c0000,0xb03c0000)
 ParOldGen       total 214784K, used 101036K [0x732c0000, 0x80480000, 0x9dd40000)
  object space 214784K, 47% used [0x732c0000,0x7956b1a0,0x80480000)
 PSPermGen       total 16384K, used 4270K [0x6b2c0000, 0x6c2c0000, 0x732c0000)
  object space 16384K, 26% used [0x6b2c0000,0x6b6eb8c0,0x6c2c0000)
Event: 32,646 GC heap after
Heap after GC invocations=15 (full 3):
 PSYoungGen      total 207104K, used 71149K [0x9dd40000, 0xb1d00000, 0xb32c0000)
  eden space 123136K, 0% used [0x9dd40000,0x9dd40000,0xa5580000)
  from space 83968K, 84% used [0xab1c0000,0xaf73b568,0xb03c0000)
  to   space 94464K, 0% used [0xa5580000,0xa5580000,0xab1c0000)
 ParOldGen       total 214784K, used 101036K [0x732c0000, 0x80480000, 0x9dd40000)
  object space 214784K, 47% used [0x732c0000,0x7956b1a0,0x80480000)
 PSPermGen       total 16384K, used 4270K [0x6b2c0000, 0x6c2c0000, 0x732c0000)
  object space 16384K, 26% used [0x6b2c0000,0x6b6eb8c0,0x6c2c0000)
}
Event: 33,731 GC heap before
{Heap before GC invocations=16 (full 3):
 PSYoungGen      total 207104K, used 194285K [0x9dd40000, 0xb1d00000, 0xb32c0000)
  eden space 123136K, 100% used [0x9dd40000,0xa5580000,0xa5580000)
  from space 83968K, 84% used [0xab1c0000,0xaf73b568,0xb03c0000)
  to   space 94464K, 0% used [0xa5580000,0xa5580000,0xab1c0000)
 ParOldGen       total 214784K, used 101036K [0x732c0000, 0x80480000, 0x9dd40000)
  object space 214784K, 47% used [0x732c0000,0x7956b1a0,0x80480000)
 PSPermGen       total 16384K, used 4272K [0x6b2c0000, 0x6c2c0000, 0x732c0000)
  object space 16384K, 26% used [0x6b2c0000,0x6b6ec150,0x6c2c0000)

