# JRE version: OpenJDK Runtime Environment (7.0_91-b02) (build 1.7.0_91-b02)
# Java VM: OpenJDK Server VM (24.91-b01 mixed mode linux-x86 )
Heap
 PSYoungGen      total 34816K, used 33652K [0x9dd80000, 0xa0200000, 0xb3300000)
  eden space 32256K, 96% used [0x9dd80000,0x9fbddb20,0x9fd00000)
  from space 2560K, 99% used [0x9ff80000,0xa01ff780,0xa0200000)
  to   space 2560K, 0% used [0x9fd00000,0x9fd00000,0x9ff80000)
 ParOldGen       total 42240K, used 8403K [0x73300000, 0x75c40000, 0x9dd80000)
  object space 42240K, 19% used [0x73300000,0x73b34f20,0x75c40000)
 PSPermGen       total 16384K, used 4194K [0x6b300000, 0x6c300000, 0x73300000)
  object space 16384K, 25% used [0x6b300000,0x6b718be8,0x6c300000)
GC Heap History (8 events):
Event: 3,375 GC heap before
{Heap before GC invocations=1 (full 0):
 PSYoungGen      total 18688K, used 16128K [0x9dd80000, 0x9f240000, 0xb3300000)
  eden space 16128K, 100% used [0x9dd80000,0x9ed40000,0x9ed40000)
  from space 2560K, 0% used [0x9efc0000,0x9efc0000,0x9f240000)
  to   space 2560K, 0% used [0x9ed40000,0x9ed40000,0x9efc0000)
 ParOldGen       total 42240K, used 0K [0x73300000, 0x75c40000, 0x9dd80000)
  object space 42240K, 0% used [0x73300000,0x73300000,0x75c40000)
 PSPermGen       total 16384K, used 3992K [0x6b300000, 0x6c300000, 0x73300000)
  object space 16384K, 24% used [0x6b300000,0x6b6e60b0,0x6c300000)
Event: 3,382 GC heap after
Heap after GC invocations=1 (full 0):
 PSYoungGen      total 18688K, used 2557K [0x9dd80000, 0x9f240000, 0xb3300000)
  eden space 16128K, 0% used [0x9dd80000,0x9dd80000,0x9ed40000)
  from space 2560K, 99% used [0x9ed40000,0x9efbf610,0x9efc0000)
  to   space 2560K, 0% used [0x9efc0000,0x9efc0000,0x9f240000)
 ParOldGen       total 42240K, used 996K [0x73300000, 0x75c40000, 0x9dd80000)
  object space 42240K, 2% used [0x73300000,0x733f9078,0x75c40000)
 PSPermGen       total 16384K, used 3992K [0x6b300000, 0x6c300000, 0x73300000)
  object space 16384K, 24% used [0x6b300000,0x6b6e60b0,0x6c300000)
}
Event: 5,170 GC heap before
{Heap before GC invocations=2 (full 0):
 PSYoungGen      total 18688K, used 18685K [0x9dd80000, 0x9f240000, 0xb3300000)
  eden space 16128K, 100% used [0x9dd80000,0x9ed40000,0x9ed40000)
  from space 2560K, 99% used [0x9ed40000,0x9efbf610,0x9efc0000)
  to   space 2560K, 0% used [0x9efc0000,0x9efc0000,0x9f240000)
 ParOldGen       total 42240K, used 996K [0x73300000, 0x75c40000, 0x9dd80000)
  object space 42240K, 2% used [0x73300000,0x733f9078,0x75c40000)
 PSPermGen       total 16384K, used 4098K [0x6b300000, 0x6c300000, 0x73300000)
  object space 16384K, 25% used [0x6b300000,0x6b700bc0,0x6c300000)
Event: 5,203 GC heap after
Heap after GC invocations=2 (full 0):
 PSYoungGen      total 18688K, used 2547K [0x9dd80000, 0xa0200000, 0xb3300000)
  eden space 16128K, 0% used [0x9dd80000,0x9dd80000,0x9ed40000)
  from space 2560K, 99% used [0x9efc0000,0x9f23ccd8,0x9f240000)
  to   space 2560K, 0% used [0x9ed40000,0x9ed40000,0x9efc0000)
 ParOldGen       total 42240K, used 2701K [0x73300000, 0x75c40000, 0x9dd80000)
  object space 42240K, 6% used [0x73300000,0x735a3748,0x75c40000)
 PSPermGen       total 16384K, used 4098K [0x6b300000, 0x6c300000, 0x73300000)
  object space 16384K, 25% used [0x6b300000,0x6b700bc0,0x6c300000)
}
Event: 6,510 GC heap before
{Heap before GC invocations=3 (full 0):
 PSYoungGen      total 18688K, used 18675K [0x9dd80000, 0xa0200000, 0xb3300000)
  eden space 16128K, 100% used [0x9dd80000,0x9ed40000,0x9ed40000)
  from space 2560K, 99% used [0x9efc0000,0x9f23ccd8,0x9f240000)
  to   space 2560K, 0% used [0x9ed40000,0x9ed40000,0x9efc0000)
 ParOldGen       total 42240K, used 2701K [0x73300000, 0x75c40000, 0x9dd80000)
  object space 42240K, 6% used [0x73300000,0x735a3748,0x75c40000)
 PSPermGen       total 16384K, used 4151K [0x6b300000, 0x6c300000, 0x73300000)
  object space 16384K, 25% used [0x6b300000,0x6b70df60,0x6c300000)
Event: 6,561 GC heap after
Heap after GC invocations=3 (full 0):
 PSYoungGen      total 18688K, used 2553K [0x9dd80000, 0xa0200000, 0xb3300000)
  eden space 16128K, 0% used [0x9dd80000,0x9dd80000,0x9ed40000)
  from space 2560K, 99% used [0x9ed40000,0x9efbe7a0,0x9efc0000)
  to   space 2560K, 0% used [0x9ff80000,0x9ff80000,0xa0200000)
 ParOldGen       total 42240K, used 5332K [0x73300000, 0x75c40000, 0x9dd80000)
  object space 42240K, 12% used [0x73300000,0x738353a0,0x75c40000)
 PSPermGen       total 16384K, used 4151K [0x6b300000, 0x6c300000, 0x73300000)
  object space 16384K, 25% used [0x6b300000,0x6b70df60,0x6c300000)
}
Event: 7,879 GC heap before
{Heap before GC invocations=4 (full 0):
 PSYoungGen      total 18688K, used 18681K [0x9dd80000, 0xa0200000, 0xb3300000)
  eden space 16128K, 100% used [0x9dd80000,0x9ed40000,0x9ed40000)
  from space 2560K, 99% used [0x9ed40000,0x9efbe7a0,0x9efc0000)
  to   space 2560K, 0% used [0x9ff80000,0x9ff80000,0xa0200000)
 ParOldGen       total 42240K, used 5332K [0x73300000, 0x75c40000, 0x9dd80000)
  object space 42240K, 12% used [0x73300000,0x738353a0,0x75c40000)
 PSPermGen       total 16384K, used 4166K [0x6b300000, 0x6c300000, 0x73300000)
  object space 16384K, 25% used [0x6b300000,0x6b711810,0x6c300000)
Event: 8,371 GC heap after
Heap after GC invocations=4 (full 0):
 PSYoungGen      total 34816K, used 2557K [0x9dd80000, 0xa0200000, 0xb3300000)
  eden space 32256K, 0% used [0x9dd80000,0x9dd80000,0x9fd00000)
  from space 2560K, 99% used [0x9ff80000,0xa01ff780,0xa0200000)
  to   space 2560K, 0% used [0x9fd00000,0x9fd00000,0x9ff80000)
 ParOldGen       total 42240K, used 8403K [0x73300000, 0x75c40000, 0x9dd80000)
  object space 42240K, 19% used [0x73300000,0x73b34f20,0x75c40000)
 PSPermGen       total 16384K, used 4166K [0x6b300000, 0x6c300000, 0x73300000)
  object space 16384K, 25% used [0x6b300000,0x6b711810,0x6c300000)
}

